*** Now run 'gdb'.
***
Could not open option rom 'sgabios.bin': No such file or directory
6828 decimal is 15254 octal!entering test_backtrace 5
entering test_backtrace 4
entering test_backtrace 3
entering test_backtrace 2
entering test_backtrace 1
entering test_backtrace 0
Stackbacktrace:
ebp f0110f18 eip f0100087 args 00000000 00000000 00000000 00000000 f0100c80
       kern/init.c:19: test_backtrace+47
ebp f0110f38 eip f0100069 args 00000000 00000001 f0110f78 00000000 f0100c80
       kern/init.c:16: test_backtrace+29
ebp f0110f58 eip f0100069 args 00000001 00000002 f0110f98 00000000 f0100c80
       kern/init.c:16: test_backtrace+29
ebp f0110f78 eip f0100069 args 00000002 00000003 f0110fb8 00000000 f0100c80
       kern/init.c:16: test_backtrace+29
ebp f0110f98 eip f0100069 args 00000003 00000004 00000000 00000000 00000000
       kern/init.c:16: test_backtrace+29
ebp f0110fb8 eip f0100069 args 00000004 00000005 00000000 00010094 00010094
       kern/init.c:16: test_backtrace+29
ebp f0110fd8 eip f01000ea args 00000005 00001aac 00000644 00000000 00000000
       kern/init.c:41: i386_init+4d
ebp f0110ff8 eip f010003e args 00112021 00000000 00000000 00000000 00000000
       kern/entry.S:83: <unknown>+0
leaving test_backtrace 0
leaving test_backtrace 1
leaving test_backtrace 2
leaving test_backtrace 3
leaving test_backtrace 4
leaving test_backtrace 5
Welcome to the JOS kernel monitor!
Type 'help' for a list of commands.
x 1, y 3, z 4
He110 World
QEMU: Terminated via GDBstub
